<?xml version="1.0" encoding="UTF-8"?>
<testsuite name="real.prop.vertical.Tuples.PersonInformationTest" tests="0" skipped="0" failures="0" errors="0" timestamp="1970-01-01T00:00:00" hostname="DESKTOP-G1N0DP8" time="0.0">
  <properties/>
  <system-out><![CDATA[2021-05-08 16:52:31.696  INFO 8656 --- [    Test worker] b.t.a.o.j.DataJpaTestContextBootstrapper : Neither @ContextConfiguration nor @ContextHierarchy found for test class [real.prop.vertical.Tuples.PersonInformationTest], using SpringBootContextLoader
2021-05-08 16:52:31.697  INFO 8656 --- [    Test worker] o.s.t.c.support.AbstractContextLoader    : Could not detect default resource locations for test class [real.prop.vertical.Tuples.PersonInformationTest]: no resource found for suffixes {-context.xml, Context.groovy}.
2021-05-08 16:52:31.697  INFO 8656 --- [    Test worker] t.c.s.AnnotationConfigContextLoaderUtils : Could not detect default configuration classes for test class [real.prop.vertical.Tuples.PersonInformationTest]: PersonInformationTest does not declare any static, non-private, non-final, nested classes annotated with @Configuration.
2021-05-08 16:52:31.699  INFO 8656 --- [    Test worker] .b.t.c.SpringBootTestContextBootstrapper : Found @SpringBootConfiguration real.prop.vertical.VerticalApplication for test class real.prop.vertical.Tuples.PersonInformationTest
2021-05-08 16:52:31.700  INFO 8656 --- [    Test worker] b.t.a.o.j.DataJpaTestContextBootstrapper : Loaded default TestExecutionListener class names from location [META-INF/spring.factories]: [org.springframework.boot.test.autoconfigure.restdocs.RestDocsTestExecutionListener, org.springframework.boot.test.autoconfigure.web.client.MockRestServiceServerResetTestExecutionListener, org.springframework.boot.test.autoconfigure.web.servlet.MockMvcPrintOnlyOnFailureTestExecutionListener, org.springframework.boot.test.autoconfigure.web.servlet.WebDriverTestExecutionListener, org.springframework.boot.test.autoconfigure.webservices.client.MockWebServiceServerTestExecutionListener, org.springframework.boot.test.mock.mockito.MockitoTestExecutionListener, org.springframework.boot.test.mock.mockito.ResetMocksTestExecutionListener, org.springframework.test.context.web.ServletTestExecutionListener, org.springframework.test.context.support.DirtiesContextBeforeModesTestExecutionListener, org.springframework.test.context.event.ApplicationEventsTestExecutionListener, org.springframework.test.context.support.DependencyInjectionTestExecutionListener, org.springframework.test.context.support.DirtiesContextTestExecutionListener, org.springframework.test.context.transaction.TransactionalTestExecutionListener, org.springframework.test.context.jdbc.SqlScriptsTestExecutionListener, org.springframework.test.context.event.EventPublishingTestExecutionListener]
2021-05-08 16:52:31.700  INFO 8656 --- [    Test worker] b.t.a.o.j.DataJpaTestContextBootstrapper : Using TestExecutionListeners: [org.springframework.test.context.web.ServletTestExecutionListener@20641682, org.springframework.test.context.support.DirtiesContextBeforeModesTestExecutionListener@56a87e7b, org.springframework.test.context.event.ApplicationEventsTestExecutionListener@60f6e7cc, org.springframework.boot.test.mock.mockito.MockitoTestExecutionListener@41d9db40, org.springframework.boot.test.autoconfigure.SpringBootDependencyInjectionTestExecutionListener@410915ff, org.springframework.test.context.support.DirtiesContextTestExecutionListener@5447f003, org.springframework.test.context.transaction.TransactionalTestExecutionListener@358a5c0, org.springframework.test.context.jdbc.SqlScriptsTestExecutionListener@c547d30, org.springframework.test.context.event.EventPublishingTestExecutionListener@57b37a8, org.springframework.boot.test.autoconfigure.restdocs.RestDocsTestExecutionListener@6e5708ec, org.springframework.boot.test.autoconfigure.web.client.MockRestServiceServerResetTestExecutionListener@28e7d643, org.springframework.boot.test.autoconfigure.web.servlet.MockMvcPrintOnlyOnFailureTestExecutionListener@7f58392, org.springframework.boot.test.autoconfigure.web.servlet.WebDriverTestExecutionListener@5b6f32b3, org.springframework.boot.test.autoconfigure.webservices.client.MockWebServiceServerTestExecutionListener@da9415a, org.springframework.boot.test.mock.mockito.ResetMocksTestExecutionListener@1b6acb62]
]]></system-out>
  <system-err><![CDATA[]]></system-err>
</testsuite>
