<?xml version="1.0" encoding="UTF-8"?>
<testsuite name="real.prop.vertical.Tuples.PersonInformationTest$ReadAllTestClass" tests="1" skipped="0" failures="0" errors="0" timestamp="2021-05-08T20:52:31" hostname="DESKTOP-G1N0DP8" time="0.007">
  <properties/>
  <testcase name="testReadAll()" classname="real.prop.vertical.Tuples.PersonInformationTest$ReadAllTestClass" time="0.007"/>
  <system-out><![CDATA[2021-05-08 16:52:31.722  INFO 8656 --- [    Test worker] b.t.a.o.j.DataJpaTestContextBootstrapper : Neither @ContextConfiguration nor @ContextHierarchy found for test class [real.prop.vertical.Tuples.PersonInformationTest$ReadAllTestClass], using SpringBootContextLoader
2021-05-08 16:52:31.724  INFO 8656 --- [    Test worker] o.s.t.c.support.AbstractContextLoader    : Could not detect default resource locations for test class [real.prop.vertical.Tuples.PersonInformationTest$ReadAllTestClass]: no resource found for suffixes {-context.xml, Context.groovy}.
2021-05-08 16:52:31.724  INFO 8656 --- [    Test worker] t.c.s.AnnotationConfigContextLoaderUtils : Could not detect default configuration classes for test class [real.prop.vertical.Tuples.PersonInformationTest$ReadAllTestClass]: ReadAllTestClass does not declare any static, non-private, non-final, nested classes annotated with @Configuration.
2021-05-08 16:52:31.729  INFO 8656 --- [    Test worker] .b.t.c.SpringBootTestContextBootstrapper : Found @SpringBootConfiguration real.prop.vertical.VerticalApplication for test class real.prop.vertical.Tuples.PersonInformationTest$ReadAllTestClass
2021-05-08 16:52:31.730  INFO 8656 --- [    Test worker] b.t.a.o.j.DataJpaTestContextBootstrapper : Loaded default TestExecutionListener class names from location [META-INF/spring.factories]: [org.springframework.boot.test.autoconfigure.restdocs.RestDocsTestExecutionListener, org.springframework.boot.test.autoconfigure.web.client.MockRestServiceServerResetTestExecutionListener, org.springframework.boot.test.autoconfigure.web.servlet.MockMvcPrintOnlyOnFailureTestExecutionListener, org.springframework.boot.test.autoconfigure.web.servlet.WebDriverTestExecutionListener, org.springframework.boot.test.autoconfigure.webservices.client.MockWebServiceServerTestExecutionListener, org.springframework.boot.test.mock.mockito.MockitoTestExecutionListener, org.springframework.boot.test.mock.mockito.ResetMocksTestExecutionListener, org.springframework.test.context.web.ServletTestExecutionListener, org.springframework.test.context.support.DirtiesContextBeforeModesTestExecutionListener, org.springframework.test.context.event.ApplicationEventsTestExecutionListener, org.springframework.test.context.support.DependencyInjectionTestExecutionListener, org.springframework.test.context.support.DirtiesContextTestExecutionListener, org.springframework.test.context.transaction.TransactionalTestExecutionListener, org.springframework.test.context.jdbc.SqlScriptsTestExecutionListener, org.springframework.test.context.event.EventPublishingTestExecutionListener]
2021-05-08 16:52:31.734  INFO 8656 --- [    Test worker] b.t.a.o.j.DataJpaTestContextBootstrapper : Using TestExecutionListeners: [org.springframework.test.context.web.ServletTestExecutionListener@1e080049, org.springframework.test.context.support.DirtiesContextBeforeModesTestExecutionListener@43f56864, org.springframework.test.context.event.ApplicationEventsTestExecutionListener@1c2bd878, org.springframework.boot.test.mock.mockito.MockitoTestExecutionListener@3dbcd8f2, org.springframework.boot.test.autoconfigure.SpringBootDependencyInjectionTestExecutionListener@63e88d44, org.springframework.test.context.support.DirtiesContextTestExecutionListener@b366f15, org.springframework.test.context.transaction.TransactionalTestExecutionListener@499c8e13, org.springframework.test.context.jdbc.SqlScriptsTestExecutionListener@12bca49a, org.springframework.test.context.event.EventPublishingTestExecutionListener@35999924, org.springframework.boot.test.autoconfigure.restdocs.RestDocsTestExecutionListener@def1645, org.springframework.boot.test.autoconfigure.web.client.MockRestServiceServerResetTestExecutionListener@202eedfd, org.springframework.boot.test.autoconfigure.web.servlet.MockMvcPrintOnlyOnFailureTestExecutionListener@57c10516, org.springframework.boot.test.autoconfigure.web.servlet.WebDriverTestExecutionListener@2e68e673, org.springframework.boot.test.autoconfigure.webservices.client.MockWebServiceServerTestExecutionListener@5b4090c5, org.springframework.boot.test.mock.mockito.ResetMocksTestExecutionListener@c56cf55]
2021-05-08 16:52:31.738  INFO 8656 --- [    Test worker] o.s.t.c.transaction.TransactionContext   : Began transaction (1) for test context [DefaultTestContext@654bc43a testClass = PersonInformationTest.ReadAllTestClass, testInstance = real.prop.vertical.Tuples.PersonInformationTest$ReadAllTestClass@5f5d93a1, testMethod = testReadAll@PersonInformationTest.ReadAllTestClass, testException = [null], mergedContextConfiguration = [MergedContextConfiguration@8791954 testClass = PersonInformationTest.ReadAllTestClass, locations = '{}', classes = '{class real.prop.vertical.VerticalApplication}', contextInitializerClasses = '[]', activeProfiles = '{}', propertySourceLocations = '{}', propertySourceProperties = '{org.springframework.boot.test.autoconfigure.orm.jpa.DataJpaTestContextBootstrapper=true}', contextCustomizers = set[org.springframework.boot.test.autoconfigure.OverrideAutoConfigurationContextCustomizerFactory$DisableAutoConfigurationContextCustomizer@2abedc9f, org.springframework.boot.test.autoconfigure.actuate.metrics.MetricsExportContextCustomizerFactory$DisableMetricExportContextCustomizer@10e89cc1, org.springframework.boot.test.autoconfigure.filter.TypeExcludeFiltersContextCustomizer@351584c0, org.springframework.boot.test.autoconfigure.properties.PropertyMappingContextCustomizer@9692df20, org.springframework.boot.test.autoconfigure.web.servlet.WebDriverContextCustomizerFactory$Customizer@1c819f47, [ImportsContextCustomizer@276c7783 key = [org.springframework.boot.autoconfigure.cache.CacheAutoConfiguration, org.springframework.boot.autoconfigure.data.jpa.JpaRepositoriesAutoConfiguration, org.springframework.boot.autoconfigure.flyway.FlywayAutoConfiguration, org.springframework.boot.autoconfigure.jdbc.DataSourceAutoConfiguration, org.springframework.boot.autoconfigure.jdbc.DataSourceTransactionManagerAutoConfiguration, org.springframework.boot.autoconfigure.jdbc.JdbcTemplateAutoConfiguration, org.springframework.boot.autoconfigure.liquibase.LiquibaseAutoConfiguration, org.springframework.boot.autoconfigure.orm.jpa.HibernateJpaAutoConfiguration, org.springframework.boot.autoconfigure.transaction.TransactionAutoConfiguration, org.springframework.boot.test.autoconfigure.jdbc.TestDatabaseAutoConfiguration, org.springframework.boot.test.autoconfigure.orm.jpa.TestEntityManagerAutoConfiguration]], org.springframework.boot.test.context.filter.ExcludeFilterContextCustomizer@5c40d319, org.springframework.boot.test.json.DuplicateJsonObjectContextCustomizerFactory$DuplicateJsonObjectContextCustomizer@6dfb5e5c, org.springframework.boot.test.mock.mockito.MockitoContextCustomizer@0, org.springframework.boot.test.context.SpringBootTestArgs@1, org.springframework.boot.test.context.SpringBootTestWebEnvironment@0], contextLoader = 'org.springframework.boot.test.context.SpringBootContextLoader', parent = [null]], attributes = map['org.springframework.test.context.event.ApplicationEventsTestExecutionListener.recordApplicationEvents' -> false]]; transaction manager [org.springframework.orm.jpa.JpaTransactionManager@30aeeffe]; rollback [true]
2021-05-08 16:52:31.743  INFO 8656 --- [    Test worker] o.s.t.c.transaction.TransactionContext   : Rolled back transaction for test: [DefaultTestContext@654bc43a testClass = PersonInformationTest.ReadAllTestClass, testInstance = real.prop.vertical.Tuples.PersonInformationTest$ReadAllTestClass@5f5d93a1, testMethod = testReadAll@PersonInformationTest.ReadAllTestClass, testException = [null], mergedContextConfiguration = [MergedContextConfiguration@8791954 testClass = PersonInformationTest.ReadAllTestClass, locations = '{}', classes = '{class real.prop.vertical.VerticalApplication}', contextInitializerClasses = '[]', activeProfiles = '{}', propertySourceLocations = '{}', propertySourceProperties = '{org.springframework.boot.test.autoconfigure.orm.jpa.DataJpaTestContextBootstrapper=true}', contextCustomizers = set[org.springframework.boot.test.autoconfigure.OverrideAutoConfigurationContextCustomizerFactory$DisableAutoConfigurationContextCustomizer@2abedc9f, org.springframework.boot.test.autoconfigure.actuate.metrics.MetricsExportContextCustomizerFactory$DisableMetricExportContextCustomizer@10e89cc1, org.springframework.boot.test.autoconfigure.filter.TypeExcludeFiltersContextCustomizer@351584c0, org.springframework.boot.test.autoconfigure.properties.PropertyMappingContextCustomizer@9692df20, org.springframework.boot.test.autoconfigure.web.servlet.WebDriverContextCustomizerFactory$Customizer@1c819f47, [ImportsContextCustomizer@276c7783 key = [org.springframework.boot.autoconfigure.cache.CacheAutoConfiguration, org.springframework.boot.autoconfigure.data.jpa.JpaRepositoriesAutoConfiguration, org.springframework.boot.autoconfigure.flyway.FlywayAutoConfiguration, org.springframework.boot.autoconfigure.jdbc.DataSourceAutoConfiguration, org.springframework.boot.autoconfigure.jdbc.DataSourceTransactionManagerAutoConfiguration, org.springframework.boot.autoconfigure.jdbc.JdbcTemplateAutoConfiguration, org.springframework.boot.autoconfigure.liquibase.LiquibaseAutoConfiguration, org.springframework.boot.autoconfigure.orm.jpa.HibernateJpaAutoConfiguration, org.springframework.boot.autoconfigure.transaction.TransactionAutoConfiguration, org.springframework.boot.test.autoconfigure.jdbc.TestDatabaseAutoConfiguration, org.springframework.boot.test.autoconfigure.orm.jpa.TestEntityManagerAutoConfiguration]], org.springframework.boot.test.context.filter.ExcludeFilterContextCustomizer@5c40d319, org.springframework.boot.test.json.DuplicateJsonObjectContextCustomizerFactory$DuplicateJsonObjectContextCustomizer@6dfb5e5c, org.springframework.boot.test.mock.mockito.MockitoContextCustomizer@0, org.springframework.boot.test.context.SpringBootTestArgs@1, org.springframework.boot.test.context.SpringBootTestWebEnvironment@0], contextLoader = 'org.springframework.boot.test.context.SpringBootContextLoader', parent = [null]], attributes = map['org.springframework.test.context.event.ApplicationEventsTestExecutionListener.recordApplicationEvents' -> false]]
]]></system-out>
  <system-err><![CDATA[]]></system-err>
</testsuite>
