<?xml version="1.0" encoding="UTF-8"?>
<testsuite name="real.prop.vertical.Tuples.PersonInformationTest$saveTestClass" tests="1" skipped="0" failures="0" errors="0" timestamp="2021-05-08T20:52:31" hostname="DESKTOP-G1N0DP8" time="0.008">
  <properties/>
  <testcase name="&gt;&gt;Save One Test" classname="real.prop.vertical.Tuples.PersonInformationTest$saveTestClass" time="0.008"/>
  <system-out><![CDATA[2021-05-08 16:52:31.759  INFO 8656 --- [    Test worker] b.t.a.o.j.DataJpaTestContextBootstrapper : Neither @ContextConfiguration nor @ContextHierarchy found for test class [real.prop.vertical.Tuples.PersonInformationTest$saveTestClass], using SpringBootContextLoader
2021-05-08 16:52:31.760  INFO 8656 --- [    Test worker] o.s.t.c.support.AbstractContextLoader    : Could not detect default resource locations for test class [real.prop.vertical.Tuples.PersonInformationTest$saveTestClass]: no resource found for suffixes {-context.xml, Context.groovy}.
2021-05-08 16:52:31.760  INFO 8656 --- [    Test worker] t.c.s.AnnotationConfigContextLoaderUtils : Could not detect default configuration classes for test class [real.prop.vertical.Tuples.PersonInformationTest$saveTestClass]: saveTestClass does not declare any static, non-private, non-final, nested classes annotated with @Configuration.
2021-05-08 16:52:31.763  INFO 8656 --- [    Test worker] .b.t.c.SpringBootTestContextBootstrapper : Found @SpringBootConfiguration real.prop.vertical.VerticalApplication for test class real.prop.vertical.Tuples.PersonInformationTest$saveTestClass
2021-05-08 16:52:31.763  INFO 8656 --- [    Test worker] b.t.a.o.j.DataJpaTestContextBootstrapper : Loaded default TestExecutionListener class names from location [META-INF/spring.factories]: [org.springframework.boot.test.autoconfigure.restdocs.RestDocsTestExecutionListener, org.springframework.boot.test.autoconfigure.web.client.MockRestServiceServerResetTestExecutionListener, org.springframework.boot.test.autoconfigure.web.servlet.MockMvcPrintOnlyOnFailureTestExecutionListener, org.springframework.boot.test.autoconfigure.web.servlet.WebDriverTestExecutionListener, org.springframework.boot.test.autoconfigure.webservices.client.MockWebServiceServerTestExecutionListener, org.springframework.boot.test.mock.mockito.MockitoTestExecutionListener, org.springframework.boot.test.mock.mockito.ResetMocksTestExecutionListener, org.springframework.test.context.web.ServletTestExecutionListener, org.springframework.test.context.support.DirtiesContextBeforeModesTestExecutionListener, org.springframework.test.context.event.ApplicationEventsTestExecutionListener, org.springframework.test.context.support.DependencyInjectionTestExecutionListener, org.springframework.test.context.support.DirtiesContextTestExecutionListener, org.springframework.test.context.transaction.TransactionalTestExecutionListener, org.springframework.test.context.jdbc.SqlScriptsTestExecutionListener, org.springframework.test.context.event.EventPublishingTestExecutionListener]
2021-05-08 16:52:31.764  INFO 8656 --- [    Test worker] b.t.a.o.j.DataJpaTestContextBootstrapper : Using TestExecutionListeners: [org.springframework.test.context.web.ServletTestExecutionListener@123e7fd1, org.springframework.test.context.support.DirtiesContextBeforeModesTestExecutionListener@120f16f3, org.springframework.test.context.event.ApplicationEventsTestExecutionListener@1113b4a1, org.springframework.boot.test.mock.mockito.MockitoTestExecutionListener@e858ec3, org.springframework.boot.test.autoconfigure.SpringBootDependencyInjectionTestExecutionListener@6f24b835, org.springframework.test.context.support.DirtiesContextTestExecutionListener@57683ac, org.springframework.test.context.transaction.TransactionalTestExecutionListener@94c991f, org.springframework.test.context.jdbc.SqlScriptsTestExecutionListener@2b9dfd63, org.springframework.test.context.event.EventPublishingTestExecutionListener@61320d35, org.springframework.boot.test.autoconfigure.restdocs.RestDocsTestExecutionListener@5068895c, org.springframework.boot.test.autoconfigure.web.client.MockRestServiceServerResetTestExecutionListener@3d81662f, org.springframework.boot.test.autoconfigure.web.servlet.MockMvcPrintOnlyOnFailureTestExecutionListener@7933f219, org.springframework.boot.test.autoconfigure.web.servlet.WebDriverTestExecutionListener@89913af, org.springframework.boot.test.autoconfigure.webservices.client.MockWebServiceServerTestExecutionListener@1caf5989, org.springframework.boot.test.mock.mockito.ResetMocksTestExecutionListener@2a29f42d]
2021-05-08 16:52:31.768  INFO 8656 --- [    Test worker] o.s.t.c.transaction.TransactionContext   : Began transaction (1) for test context [DefaultTestContext@4cec684b testClass = PersonInformationTest.saveTestClass, testInstance = real.prop.vertical.Tuples.PersonInformationTest$saveTestClass@c280e12, testMethod = saveTest@PersonInformationTest.saveTestClass, testException = [null], mergedContextConfiguration = [MergedContextConfiguration@6a2d6d0f testClass = PersonInformationTest.saveTestClass, locations = '{}', classes = '{class real.prop.vertical.VerticalApplication}', contextInitializerClasses = '[]', activeProfiles = '{}', propertySourceLocations = '{}', propertySourceProperties = '{org.springframework.boot.test.autoconfigure.orm.jpa.DataJpaTestContextBootstrapper=true}', contextCustomizers = set[org.springframework.boot.test.autoconfigure.OverrideAutoConfigurationContextCustomizerFactory$DisableAutoConfigurationContextCustomizer@2abedc9f, org.springframework.boot.test.autoconfigure.actuate.metrics.MetricsExportContextCustomizerFactory$DisableMetricExportContextCustomizer@10e89cc1, org.springframework.boot.test.autoconfigure.filter.TypeExcludeFiltersContextCustomizer@351584c0, org.springframework.boot.test.autoconfigure.properties.PropertyMappingContextCustomizer@9692df20, org.springframework.boot.test.autoconfigure.web.servlet.WebDriverContextCustomizerFactory$Customizer@1c819f47, [ImportsContextCustomizer@fc064fb key = [org.springframework.boot.autoconfigure.cache.CacheAutoConfiguration, org.springframework.boot.autoconfigure.data.jpa.JpaRepositoriesAutoConfiguration, org.springframework.boot.autoconfigure.flyway.FlywayAutoConfiguration, org.springframework.boot.autoconfigure.jdbc.DataSourceAutoConfiguration, org.springframework.boot.autoconfigure.jdbc.DataSourceTransactionManagerAutoConfiguration, org.springframework.boot.autoconfigure.jdbc.JdbcTemplateAutoConfiguration, org.springframework.boot.autoconfigure.liquibase.LiquibaseAutoConfiguration, org.springframework.boot.autoconfigure.orm.jpa.HibernateJpaAutoConfiguration, org.springframework.boot.autoconfigure.transaction.TransactionAutoConfiguration, org.springframework.boot.test.autoconfigure.jdbc.TestDatabaseAutoConfiguration, org.springframework.boot.test.autoconfigure.orm.jpa.TestEntityManagerAutoConfiguration]], org.springframework.boot.test.context.filter.ExcludeFilterContextCustomizer@5c40d319, org.springframework.boot.test.json.DuplicateJsonObjectContextCustomizerFactory$DuplicateJsonObjectContextCustomizer@6dfb5e5c, org.springframework.boot.test.mock.mockito.MockitoContextCustomizer@0, org.springframework.boot.test.context.SpringBootTestArgs@1, org.springframework.boot.test.context.SpringBootTestWebEnvironment@0], contextLoader = 'org.springframework.boot.test.context.SpringBootContextLoader', parent = [null]], attributes = map['org.springframework.test.context.event.ApplicationEventsTestExecutionListener.recordApplicationEvents' -> false]]; transaction manager [org.springframework.orm.jpa.JpaTransactionManager@30aeeffe]; rollback [true]
2021-05-08 16:52:31.774  INFO 8656 --- [    Test worker] o.s.t.c.transaction.TransactionContext   : Rolled back transaction for test: [DefaultTestContext@4cec684b testClass = PersonInformationTest.saveTestClass, testInstance = real.prop.vertical.Tuples.PersonInformationTest$saveTestClass@c280e12, testMethod = saveTest@PersonInformationTest.saveTestClass, testException = [null], mergedContextConfiguration = [MergedContextConfiguration@6a2d6d0f testClass = PersonInformationTest.saveTestClass, locations = '{}', classes = '{class real.prop.vertical.VerticalApplication}', contextInitializerClasses = '[]', activeProfiles = '{}', propertySourceLocations = '{}', propertySourceProperties = '{org.springframework.boot.test.autoconfigure.orm.jpa.DataJpaTestContextBootstrapper=true}', contextCustomizers = set[org.springframework.boot.test.autoconfigure.OverrideAutoConfigurationContextCustomizerFactory$DisableAutoConfigurationContextCustomizer@2abedc9f, org.springframework.boot.test.autoconfigure.actuate.metrics.MetricsExportContextCustomizerFactory$DisableMetricExportContextCustomizer@10e89cc1, org.springframework.boot.test.autoconfigure.filter.TypeExcludeFiltersContextCustomizer@351584c0, org.springframework.boot.test.autoconfigure.properties.PropertyMappingContextCustomizer@9692df20, org.springframework.boot.test.autoconfigure.web.servlet.WebDriverContextCustomizerFactory$Customizer@1c819f47, [ImportsContextCustomizer@fc064fb key = [org.springframework.boot.autoconfigure.cache.CacheAutoConfiguration, org.springframework.boot.autoconfigure.data.jpa.JpaRepositoriesAutoConfiguration, org.springframework.boot.autoconfigure.flyway.FlywayAutoConfiguration, org.springframework.boot.autoconfigure.jdbc.DataSourceAutoConfiguration, org.springframework.boot.autoconfigure.jdbc.DataSourceTransactionManagerAutoConfiguration, org.springframework.boot.autoconfigure.jdbc.JdbcTemplateAutoConfiguration, org.springframework.boot.autoconfigure.liquibase.LiquibaseAutoConfiguration, org.springframework.boot.autoconfigure.orm.jpa.HibernateJpaAutoConfiguration, org.springframework.boot.autoconfigure.transaction.TransactionAutoConfiguration, org.springframework.boot.test.autoconfigure.jdbc.TestDatabaseAutoConfiguration, org.springframework.boot.test.autoconfigure.orm.jpa.TestEntityManagerAutoConfiguration]], org.springframework.boot.test.context.filter.ExcludeFilterContextCustomizer@5c40d319, org.springframework.boot.test.json.DuplicateJsonObjectContextCustomizerFactory$DuplicateJsonObjectContextCustomizer@6dfb5e5c, org.springframework.boot.test.mock.mockito.MockitoContextCustomizer@0, org.springframework.boot.test.context.SpringBootTestArgs@1, org.springframework.boot.test.context.SpringBootTestWebEnvironment@0], contextLoader = 'org.springframework.boot.test.context.SpringBootContextLoader', parent = [null]], attributes = map['org.springframework.test.context.event.ApplicationEventsTestExecutionListener.recordApplicationEvents' -> false]]
]]></system-out>
  <system-err><![CDATA[]]></system-err>
</testsuite>
