<?xml version="1.0" encoding="UTF-8"?>
<testsuite name="real.prop.vertical.Tuples.PersonInformationTest$readOneTestClass" tests="1" skipped="0" failures="0" errors="0" timestamp="2021-05-08T20:52:31" hostname="DESKTOP-G1N0DP8" time="0.006">
  <properties/>
  <testcase name="&gt;&gt;Read One Test" classname="real.prop.vertical.Tuples.PersonInformationTest$readOneTestClass" time="0.006"/>
  <system-out><![CDATA[2021-05-08 16:52:31.745  INFO 8656 --- [    Test worker] b.t.a.o.j.DataJpaTestContextBootstrapper : Neither @ContextConfiguration nor @ContextHierarchy found for test class [real.prop.vertical.Tuples.PersonInformationTest$readOneTestClass], using SpringBootContextLoader
2021-05-08 16:52:31.746  INFO 8656 --- [    Test worker] o.s.t.c.support.AbstractContextLoader    : Could not detect default resource locations for test class [real.prop.vertical.Tuples.PersonInformationTest$readOneTestClass]: no resource found for suffixes {-context.xml, Context.groovy}.
2021-05-08 16:52:31.746  INFO 8656 --- [    Test worker] t.c.s.AnnotationConfigContextLoaderUtils : Could not detect default configuration classes for test class [real.prop.vertical.Tuples.PersonInformationTest$readOneTestClass]: readOneTestClass does not declare any static, non-private, non-final, nested classes annotated with @Configuration.
2021-05-08 16:52:31.747  INFO 8656 --- [    Test worker] .b.t.c.SpringBootTestContextBootstrapper : Found @SpringBootConfiguration real.prop.vertical.VerticalApplication for test class real.prop.vertical.Tuples.PersonInformationTest$readOneTestClass
2021-05-08 16:52:31.748  INFO 8656 --- [    Test worker] b.t.a.o.j.DataJpaTestContextBootstrapper : Loaded default TestExecutionListener class names from location [META-INF/spring.factories]: [org.springframework.boot.test.autoconfigure.restdocs.RestDocsTestExecutionListener, org.springframework.boot.test.autoconfigure.web.client.MockRestServiceServerResetTestExecutionListener, org.springframework.boot.test.autoconfigure.web.servlet.MockMvcPrintOnlyOnFailureTestExecutionListener, org.springframework.boot.test.autoconfigure.web.servlet.WebDriverTestExecutionListener, org.springframework.boot.test.autoconfigure.webservices.client.MockWebServiceServerTestExecutionListener, org.springframework.boot.test.mock.mockito.MockitoTestExecutionListener, org.springframework.boot.test.mock.mockito.ResetMocksTestExecutionListener, org.springframework.test.context.web.ServletTestExecutionListener, org.springframework.test.context.support.DirtiesContextBeforeModesTestExecutionListener, org.springframework.test.context.event.ApplicationEventsTestExecutionListener, org.springframework.test.context.support.DependencyInjectionTestExecutionListener, org.springframework.test.context.support.DirtiesContextTestExecutionListener, org.springframework.test.context.transaction.TransactionalTestExecutionListener, org.springframework.test.context.jdbc.SqlScriptsTestExecutionListener, org.springframework.test.context.event.EventPublishingTestExecutionListener]
2021-05-08 16:52:31.748  INFO 8656 --- [    Test worker] b.t.a.o.j.DataJpaTestContextBootstrapper : Using TestExecutionListeners: [org.springframework.test.context.web.ServletTestExecutionListener@1cbd1d40, org.springframework.test.context.support.DirtiesContextBeforeModesTestExecutionListener@2f4e45ed, org.springframework.test.context.event.ApplicationEventsTestExecutionListener@6f3d4ae9, org.springframework.boot.test.mock.mockito.MockitoTestExecutionListener@2b29e8e2, org.springframework.boot.test.autoconfigure.SpringBootDependencyInjectionTestExecutionListener@5f8aa7da, org.springframework.test.context.support.DirtiesContextTestExecutionListener@2b6f0eb, org.springframework.test.context.transaction.TransactionalTestExecutionListener@7d98856, org.springframework.test.context.jdbc.SqlScriptsTestExecutionListener@63d30eb7, org.springframework.test.context.event.EventPublishingTestExecutionListener@69edd160, org.springframework.boot.test.autoconfigure.restdocs.RestDocsTestExecutionListener@5ce9451e, org.springframework.boot.test.autoconfigure.web.client.MockRestServiceServerResetTestExecutionListener@1739eded, org.springframework.boot.test.autoconfigure.web.servlet.MockMvcPrintOnlyOnFailureTestExecutionListener@6ce4ff0b, org.springframework.boot.test.autoconfigure.web.servlet.WebDriverTestExecutionListener@6b854526, org.springframework.boot.test.autoconfigure.webservices.client.MockWebServiceServerTestExecutionListener@7d523cfd, org.springframework.boot.test.mock.mockito.ResetMocksTestExecutionListener@25dce03f]
2021-05-08 16:52:31.753  INFO 8656 --- [    Test worker] o.s.t.c.transaction.TransactionContext   : Began transaction (1) for test context [DefaultTestContext@6e8b4f28 testClass = PersonInformationTest.readOneTestClass, testInstance = real.prop.vertical.Tuples.PersonInformationTest$readOneTestClass@2f668baa, testMethod = testReadOne@PersonInformationTest.readOneTestClass, testException = [null], mergedContextConfiguration = [MergedContextConfiguration@433fff6f testClass = PersonInformationTest.readOneTestClass, locations = '{}', classes = '{class real.prop.vertical.VerticalApplication}', contextInitializerClasses = '[]', activeProfiles = '{}', propertySourceLocations = '{}', propertySourceProperties = '{org.springframework.boot.test.autoconfigure.orm.jpa.DataJpaTestContextBootstrapper=true}', contextCustomizers = set[org.springframework.boot.test.autoconfigure.OverrideAutoConfigurationContextCustomizerFactory$DisableAutoConfigurationContextCustomizer@2abedc9f, org.springframework.boot.test.autoconfigure.actuate.metrics.MetricsExportContextCustomizerFactory$DisableMetricExportContextCustomizer@10e89cc1, org.springframework.boot.test.autoconfigure.filter.TypeExcludeFiltersContextCustomizer@351584c0, org.springframework.boot.test.autoconfigure.properties.PropertyMappingContextCustomizer@9692df20, org.springframework.boot.test.autoconfigure.web.servlet.WebDriverContextCustomizerFactory$Customizer@1c819f47, [ImportsContextCustomizer@1a0322f key = [org.springframework.boot.autoconfigure.cache.CacheAutoConfiguration, org.springframework.boot.autoconfigure.data.jpa.JpaRepositoriesAutoConfiguration, org.springframework.boot.autoconfigure.flyway.FlywayAutoConfiguration, org.springframework.boot.autoconfigure.jdbc.DataSourceAutoConfiguration, org.springframework.boot.autoconfigure.jdbc.DataSourceTransactionManagerAutoConfiguration, org.springframework.boot.autoconfigure.jdbc.JdbcTemplateAutoConfiguration, org.springframework.boot.autoconfigure.liquibase.LiquibaseAutoConfiguration, org.springframework.boot.autoconfigure.orm.jpa.HibernateJpaAutoConfiguration, org.springframework.boot.autoconfigure.transaction.TransactionAutoConfiguration, org.springframework.boot.test.autoconfigure.jdbc.TestDatabaseAutoConfiguration, org.springframework.boot.test.autoconfigure.orm.jpa.TestEntityManagerAutoConfiguration]], org.springframework.boot.test.context.filter.ExcludeFilterContextCustomizer@5c40d319, org.springframework.boot.test.json.DuplicateJsonObjectContextCustomizerFactory$DuplicateJsonObjectContextCustomizer@6dfb5e5c, org.springframework.boot.test.mock.mockito.MockitoContextCustomizer@0, org.springframework.boot.test.context.SpringBootTestArgs@1, org.springframework.boot.test.context.SpringBootTestWebEnvironment@0], contextLoader = 'org.springframework.boot.test.context.SpringBootContextLoader', parent = [null]], attributes = map['org.springframework.test.context.event.ApplicationEventsTestExecutionListener.recordApplicationEvents' -> false]]; transaction manager [org.springframework.orm.jpa.JpaTransactionManager@30aeeffe]; rollback [true]
2021-05-08 16:52:31.757  INFO 8656 --- [    Test worker] o.s.t.c.transaction.TransactionContext   : Rolled back transaction for test: [DefaultTestContext@6e8b4f28 testClass = PersonInformationTest.readOneTestClass, testInstance = real.prop.vertical.Tuples.PersonInformationTest$readOneTestClass@2f668baa, testMethod = testReadOne@PersonInformationTest.readOneTestClass, testException = [null], mergedContextConfiguration = [MergedContextConfiguration@433fff6f testClass = PersonInformationTest.readOneTestClass, locations = '{}', classes = '{class real.prop.vertical.VerticalApplication}', contextInitializerClasses = '[]', activeProfiles = '{}', propertySourceLocations = '{}', propertySourceProperties = '{org.springframework.boot.test.autoconfigure.orm.jpa.DataJpaTestContextBootstrapper=true}', contextCustomizers = set[org.springframework.boot.test.autoconfigure.OverrideAutoConfigurationContextCustomizerFactory$DisableAutoConfigurationContextCustomizer@2abedc9f, org.springframework.boot.test.autoconfigure.actuate.metrics.MetricsExportContextCustomizerFactory$DisableMetricExportContextCustomizer@10e89cc1, org.springframework.boot.test.autoconfigure.filter.TypeExcludeFiltersContextCustomizer@351584c0, org.springframework.boot.test.autoconfigure.properties.PropertyMappingContextCustomizer@9692df20, org.springframework.boot.test.autoconfigure.web.servlet.WebDriverContextCustomizerFactory$Customizer@1c819f47, [ImportsContextCustomizer@1a0322f key = [org.springframework.boot.autoconfigure.cache.CacheAutoConfiguration, org.springframework.boot.autoconfigure.data.jpa.JpaRepositoriesAutoConfiguration, org.springframework.boot.autoconfigure.flyway.FlywayAutoConfiguration, org.springframework.boot.autoconfigure.jdbc.DataSourceAutoConfiguration, org.springframework.boot.autoconfigure.jdbc.DataSourceTransactionManagerAutoConfiguration, org.springframework.boot.autoconfigure.jdbc.JdbcTemplateAutoConfiguration, org.springframework.boot.autoconfigure.liquibase.LiquibaseAutoConfiguration, org.springframework.boot.autoconfigure.orm.jpa.HibernateJpaAutoConfiguration, org.springframework.boot.autoconfigure.transaction.TransactionAutoConfiguration, org.springframework.boot.test.autoconfigure.jdbc.TestDatabaseAutoConfiguration, org.springframework.boot.test.autoconfigure.orm.jpa.TestEntityManagerAutoConfiguration]], org.springframework.boot.test.context.filter.ExcludeFilterContextCustomizer@5c40d319, org.springframework.boot.test.json.DuplicateJsonObjectContextCustomizerFactory$DuplicateJsonObjectContextCustomizer@6dfb5e5c, org.springframework.boot.test.mock.mockito.MockitoContextCustomizer@0, org.springframework.boot.test.context.SpringBootTestArgs@1, org.springframework.boot.test.context.SpringBootTestWebEnvironment@0], contextLoader = 'org.springframework.boot.test.context.SpringBootContextLoader', parent = [null]], attributes = map['org.springframework.test.context.event.ApplicationEventsTestExecutionListener.recordApplicationEvents' -> false]]
]]></system-out>
  <system-err><![CDATA[]]></system-err>
</testsuite>
